#
# There is insufficient memory for the Java Runtime Environment to continue.
# Native memory allocation (mmap) failed to map 132120576 bytes for G1 virtual space
# Possible reasons:
#   The system is out of physical RAM or swap space
#   The process is running with CompressedOops enabled, and the Java Heap may be blocking the growth of the native heap
# Possible solutions:
#   Reduce memory load on the system
#   Increase physical memory or swap space
#   Check if swap backing store is full
#   Decrease Java heap size (-Xmx/-Xms)
#   Decrease number of Java threads
#   Decrease Java thread stack sizes (-Xss)
#   Set larger code cache with -XX:ReservedCodeCacheSize=
#   JVM is running with Unscaled Compressed Oops mode in which the Java heap is
#     placed in the first 4GB address space. The Java Heap base address is the
#     maximum limit for the native heap growth. Please use -XX:HeapBaseMinAddress
#     to set the Java Heap base and to place the Java Heap above 4GB virtual address.
# This output file may be truncated or incomplete.
#
#  Out of Memory Error (os_windows.cpp:3527), pid=23400, tid=21560
#
# JRE version:  (19.0+36) (build )
# Java VM: Java HotSpot(TM) 64-Bit Server VM (19+36-2238, mixed mode, sharing, tiered, compressed oops, compressed class ptrs, g1 gc, windows-amd64)
# No core dump will be written. Minidumps are not enabled by default on client versions of Windows
#

---------------  S U M M A R Y ------------

Command Line: -Dfile.encoding=UTF-8 --module-path=C:\Users\Asus\OneDrive\Documents\NetBeansProjects\Employee Management System\build\classes employee.management.system.entry

Host: Intel(R) Core(TM) i5-8265U CPU @ 1.60GHz, 8 cores, 7G,  Windows 10 , 64 bit Build 19041 (10.0.19041.1889)
Time: Mon Nov 14 22:40:30 2022 Bangladesh Standard Time elapsed time: 0.043486 seconds (0d 0h 0m 0s)

---------------  T H R E A D  ---------------

Current thread (0x000001723b94a340):  JavaThread "Unknown thread" [_thread_in_vm, id=21560, stack(0x00000017e4300000,0x00000017e4400000)]

Stack: [0x00000017e4300000,0x00000017e4400000]
Native frames: (J=compiled Java code, j=interpreted, Vv=VM code, C=native code)
V  [jvm.dll+0x6ee8fa]
V  [jvm.dll+0x857a1e]
V  [jvm.dll+0x85940e]
V  [jvm.dll+0x859ac3]
V  [jvm.dll+0x28291f]
V  [jvm.dll+0x6eb6e9]
V  [jvm.dll+0x6e028a]
V  [jvm.dll+0x357136]
V  [jvm.dll+0x35eb96]
V  [jvm.dll+0x3b555e]
V  [jvm.dll+0x3b578f]
V  [jvm.dll+0x32c6ea]
V  [jvm.dll+0x32d59e]
V  [jvm.dll+0x821b20]
V  [jvm.dll+0x3c27c1]
V  [jvm.dll+0x8022f1]
V  [jvm.dll+0x44b30f]
V  [jvm.dll+0x44cc91]
C  [jli.dll+0x5287]
C  [ucrtbase.dll+0x21bb2]
C  [KERNEL32.DLL+0x17034]
C  [ntdll.dll+0x526a1]


---------------  P R O C E S S  ---------------

Threads class SMR info:
_java_thread_list=0x00007fff7599d048, length=0, elements={
}

Java Threads: ( => current thread )

Other Threads:
  0x000001723b9ab370 WorkerThread "GC Thread#0" [stack: 0x00000017e4400000,0x00000017e4500000] [id=20700]
  0x000001723b9bbd60 ConcurrentGCThread "G1 Main Marker" [stack: 0x00000017e4500000,0x00000017e4600000] [id=20504]
  0x000001723b9bc840 WorkerThread "G1 Conc#0" [stack: 0x00000017e4600000,0x00000017e4700000] [id=22784]

[error occurred during error reporting (printing all threads), id 0xc0000005, EXCEPTION_ACCESS_VIOLATION (0xc0000005) at pc=0x00007fff7515d127]

VM state: not at safepoint (not fully initialized)

VM Mutex/Monitor currently owned by a thread:  ([mutex/lock_event])
[0x000001723b9464f0] Heap_lock - owner thread: 0x000001723b94a340

Heap address: 0x0000000082400000, size: 2012 MB, Compressed Oops mode: 32-bit

CDS archive(s) mapped at: [0x0000000000000000-0x0000000000000000-0x0000000000000000), size 0, SharedBaseAddress: 0x0000000800000000, ArchiveRelocationMode: 0.
Narrow klass base: 0x0000000000000000, Narrow klass shift: 0, Narrow klass range: 0x0

GC Precious Log:
 CardTable entry size: 512
 Card Set container configuration: InlinePtr #cards 5 size 8 Array Of Cards #cards 12 size 40 Howl #buckets 4 coarsen threshold 1843 Howl Bitmap #cards 512 size 80 coarsen threshold 460 Card regions per heap region 1 cards per card region 2048

Heap:
 garbage-first heap   total 0K, used 0K [0x0000000082400000, 0x0000000100000000)
  region size 1024K, 0 young (0K), 0 survivors (0K)

[error occurred during error reporting (printing heap information), id 0xc0000005, EXCEPTION_ACCESS_VIOLATION (0xc0000005) at pc=0x00007fff75566959]

GC Heap History (0 events):
No events

Dll operation events (1 events):
Event: 0.040 Loaded shared library C:\Program Files\Java\jdk-19\bin\java.dll

Deoptimization events (0 events):
No events

Classes loaded (0 events):
No events

Classes unloaded (0 events):
No events

Classes redefined (0 events):
No events

Internal exceptions (0 events):
No events

VM Operations (0 events):
No events

Events (0 events):
No events


Dynamic libraries:
0x00007ff6ca0d0000 - 0x00007ff6ca0e0000 	C:\Program Files\Java\jdk-19\bin\java.exe
0x00007fffbfe50000 - 0x00007fffc0048000 	C:\Windows\SYSTEM32\ntdll.dll
0x00007fffbe900000 - 0x00007fffbe9bd000 	C:\Windows\System32\KERNEL32.DLL
0x00007fffbd560000 - 0x00007fffbd832000 	C:\Windows\System32\KERNELBASE.dll
0x00007fffbd980000 - 0x00007fffbda80000 	C:\Windows\System32\ucrtbase.dll
0x00007fffb4810000 - 0x00007fffb482b000 	C:\Program Files\Java\jdk-19\bin\VCRUNTIME140.dll
0x00007fffb50a0000 - 0x00007fffb50b8000 	C:\Program Files\Java\jdk-19\bin\jli.dll
0x00007fffbe350000 - 0x00007fffbe3fe000 	C:\Windows\System32\ADVAPI32.dll
0x00007fffbea80000 - 0x00007fffbeb1e000 	C:\Windows\System32\msvcrt.dll
0x00007fffbf270000 - 0x00007fffbf30c000 	C:\Windows\System32\sechost.dll
0x00007fffbf340000 - 0x00007fffbf465000 	C:\Windows\System32\RPCRT4.dll
0x00007fffbe760000 - 0x00007fffbe8fd000 	C:\Windows\System32\USER32.dll
0x00007fffbd840000 - 0x00007fffbd862000 	C:\Windows\System32\win32u.dll
0x00007fffa9100000 - 0x00007fffa939a000 	C:\Windows\WinSxS\amd64_microsoft.windows.common-controls_6595b64144ccf1df_6.0.19041.1110_none_60b5254171f9507e\COMCTL32.dll
0x00007fffbf310000 - 0x00007fffbf33b000 	C:\Windows\System32\GDI32.dll
0x00007fffbd870000 - 0x00007fffbd97f000 	C:\Windows\System32\gdi32full.dll
0x00007fffbdcb0000 - 0x00007fffbdd4d000 	C:\Windows\System32\msvcp_win.dll
0x00007fffb6e70000 - 0x00007fffb6e7a000 	C:\Windows\SYSTEM32\VERSION.dll
0x00007fffbdeb0000 - 0x00007fffbdee0000 	C:\Windows\System32\IMM32.DLL
0x00007fffb9460000 - 0x00007fffb946c000 	C:\Program Files\Java\jdk-19\bin\vcruntime140_1.dll
0x00007fff8e510000 - 0x00007fff8e59e000 	C:\Program Files\Java\jdk-19\bin\msvcp140.dll
0x00007fff74e20000 - 0x00007fff75ae0000 	C:\Program Files\Java\jdk-19\bin\server\jvm.dll
0x00007fffb9470000 - 0x00007fffb9479000 	C:\Windows\SYSTEM32\WSOCK32.dll
0x00007fffb1e20000 - 0x00007fffb1e47000 	C:\Windows\SYSTEM32\WINMM.dll
0x00007fffbf630000 - 0x00007fffbf69b000 	C:\Windows\System32\WS2_32.dll
0x00007fffbb300000 - 0x00007fffbb312000 	C:\Windows\SYSTEM32\kernel.appcore.dll
0x00007fffb47c0000 - 0x00007fffb47ca000 	C:\Program Files\Java\jdk-19\bin\jimage.dll
0x00007fffb2f90000 - 0x00007fffb3174000 	C:\Windows\SYSTEM32\DBGHELP.DLL
0x00007fffb3e40000 - 0x00007fffb3e6c000 	C:\Windows\SYSTEM32\dbgcore.DLL
0x00007fffbdba0000 - 0x00007fffbdc22000 	C:\Windows\System32\bcryptPrimitives.dll
0x00007fffa4150000 - 0x00007fffa4176000 	C:\Program Files\Java\jdk-19\bin\java.dll

dbghelp: loaded successfully - version: 4.0.5 - missing functions: none
symbol engine: initialized successfully - sym options: 0x614 - pdb path: .;C:\Program Files\Java\jdk-19\bin;C:\Windows\SYSTEM32;C:\Windows\WinSxS\amd64_microsoft.windows.common-controls_6595b64144ccf1df_6.0.19041.1110_none_60b5254171f9507e;C:\Program Files\Java\jdk-19\bin\server

VM Arguments:
jvm_args: -Dfile.encoding=UTF-8 --module-path=C:\Users\Asus\OneDrive\Documents\NetBeansProjects\Employee Management System\build\classes 
java_command: employee.management.system.entry
java_class_path (initial): C:\Users\Asus\OneDrive\Documents\NetBeansProjects\Employee Management System\build\classes
Launcher Type: SUN_STANDARD

[Global flags]
     intx CICompilerCount                          = 4                                         {product} {ergonomic}
     uint ConcGCThreads                            = 2                                         {product} {ergonomic}
     uint G1ConcRefinementThreads                  = 8                                         {product} {ergonomic}
   size_t G1HeapRegionSize                         = 1048576                                   {product} {ergonomic}
    uintx GCDrainStackTargetSize                   = 64                                        {product} {ergonomic}
   size_t InitialHeapSize                          = 132120576                                 {product} {ergonomic}
   size_t MarkStackSize                            = 4194304                                   {product} {ergonomic}
   size_t MaxHeapSize                              = 2109734912                                {product} {ergonomic}
   size_t MinHeapDeltaBytes                        = 1048576                                   {product} {ergonomic}
   size_t MinHeapSize                              = 8388608                                   {product} {ergonomic}
    uintx NonNMethodCodeHeapSize                   = 5839372                                {pd product} {ergonomic}
    uintx NonProfiledCodeHeapSize                  = 122909434                              {pd product} {ergonomic}
    uintx ProfiledCodeHeapSize                     = 122909434                              {pd product} {ergonomic}
    uintx ReservedCodeCacheSize                    = 251658240                              {pd product} {ergonomic}
     bool SegmentedCodeCache                       = true                                      {product} {ergonomic}
   size_t SoftMaxHeapSize                          = 2109734912                             {manageable} {ergonomic}
     bool UseCompressedClassPointers               = true                           {product lp64_product} {ergonomic}
     bool UseCompressedOops                        = true                           {product lp64_product} {ergonomic}
     bool UseG1GC                                  = true                                      {product} {ergonomic}
     bool UseLargePagesIndividualAllocation        = false                                  {pd product} {ergonomic}

Logging:
Log output configuration:
 #0: stdout all=warning uptime,level,tags foldmultilines=false
 #1: stderr all=off uptime,level,tags foldmultilines=false

Environment Variables:
PATH=C:\Program Files\Common Files\Oracle\Java\javapath;C:\Program Files\Microsoft\jdk-11.0.12.7-hotspot\bin;C:\MinGW\bin;C:\Windows\system32;C:\Windows;C:\Windows\System32\Wbem;C:\Windows\System32\WindowsPowerShell\v1.0\;C:\Windows\System32\OpenSSH\;C:\Program Files\Microsoft SQL Server\Client SDK\ODBC\170\Tools\Binn\;C:\Program Files\dotnet\;C:\Program Files (x86)\NVIDIA Corporation\PhysX\Common;C:\Users\Asus\AppData\Local\Microsoft\WindowsApps;C:\Users\Asus\AppData\Local\Programs\Microsoft VS Code\bin;C:\Users\Asus\.dotnet\tools
USERNAME=Asus
OS=Windows_NT
PROCESSOR_IDENTIFIER=Intel64 Family 6 Model 142 Stepping 12, GenuineIntel
TMP=C:\Users\Asus\AppData\Local\Temp
TEMP=C:\Users\Asus\AppData\Local\Temp



---------------  S Y S T E M  ---------------

OS:
 Windows 10 , 64 bit Build 19041 (10.0.19041.1889)
OS uptime: 1 days 2:30 hours
Hyper-V role detected

CPU: total 8 (initial active 8) (4 cores per cpu, 2 threads per core) family 6 model 142 stepping 12 microcode 0xde, cx8, cmov, fxsr, ht, mmx, 3dnowpref, sse, sse2, sse3, ssse3, sse4.1, sse4.2, popcnt, lzcnt, tsc, tscinvbit, avx, avx2, aes, erms, clmul, bmi1, bmi2, adx, fma, vzeroupper, clflush, clflushopt, hv, rdtscp

Memory: 4k page, system-wide physical 8043M (733M free)
TotalPageFile size 32619M (AvailPageFile size 24M)
current process WorkingSet (physical memory assigned to process): 10M, peak: 10M
current process commit charge ("private bytes"): 60M, peak: 186M

vm_info: Java HotSpot(TM) 64-Bit Server VM (19+36-2238) for windows-amd64 JRE (19+36-2238), built on 2022-08-12T20:29:01Z by "mach5one" with MS VC++ 17.1 (VS2022)

END.
